<?xml version="1.0" encoding="UTF-8"?>
<!-- Generated by org.testng.reporters.JUnitReportReporter -->
<testsuite name="com.qa.crm.testcases.LoginPageTest" tests="3" time="97.265" ignored="0" failures="0" timestamp="20 May 2018 07:29:53 GMT" skipped="0" hostname="DESKTOP-6KKEUNJ" errors="0">
  <testcase name="loginPageTest" time="52.469" classname="com.qa.crm.testcases.LoginPageTest"/>
  <testcase name="titleTest" time="21.910" classname="com.qa.crm.testcases.LoginPageTest"/>
  <testcase name="crmImageTest" time="22.886" classname="com.qa.crm.testcases.LoginPageTest"/>
</testsuite> <!-- com.qa.crm.testcases.LoginPageTest -->
