<?xml version="1.0" encoding="UTF-8"?>
<!-- Generated by org.testng.reporters.JUnitReportReporter -->
<testsuite name="com.qa.crm.testcases.HomepageTest" tests="1" time="51.261" ignored="0" failures="0" timestamp="25 Dec 2018 11:58:52 GMT" skipped="0" hostname="DESKTOP-6KKEUNJ" errors="0">
  <testcase name="verifyLoginUserNameTest" time="51.261" classname="com.qa.crm.testcases.HomepageTest"/>
</testsuite> <!-- com.qa.crm.testcases.HomepageTest -->
